<?xml version="1.0" encoding="UTF-8"?>
<!-- Generated by org.testng.reporters.JUnitReportReporter -->
<testsuite hostname="Vicky" failures="0" tests="6" name="TestCases.Login_Logout" time="154.860" errors="0" timestamp="2020-10-21T16:26:43 IST" skipped="5">
  <testcase classname="TestCases.Login_Logout" name="CreateAnAppWithProgressControl" time="154.860"/>
  <system-out/>
  <testcase classname="TestCases.Login_Logout" name="CreateAnAppWithReference">
    <skipped/>
  </testcase> <!-- CreateAnAppWithReference -->
  <system-out/>
  <testcase classname="TestCases.Login_Logout" name="CreateAnAppWithNumbersControl">
    <skipped/>
  </testcase> <!-- CreateAnAppWithNumbersControl -->
  <system-out/>
  <testcase classname="TestCases.Login_Logout" name="CreateAnAppWithADependents">
    <skipped/>
  </testcase> <!-- CreateAnAppWithADependents -->
  <system-out/>
  <testcase classname="TestCases.Login_Logout" name="CreateAnAppWithACategoryControls">
    <skipped/>
  </testcase> <!-- CreateAnAppWithACategoryControls -->
  <system-out/>
  <testcase classname="TestCases.Login_Logout" name="CreateAnAppWithTextControls">
    <skipped/>
  </testcase> <!-- CreateAnAppWithTextControls -->
  <system-out/>
</testsuite> <!-- TestCases.Login_Logout -->
