<?xml version="1.0" encoding="UTF-8"?>
<!-- Generated by org.testng.reporters.JUnitReportReporter -->
<testsuite hostname="Vicky" failures="0" tests="4" name="TestCases.Login_Logout" time="265.514" errors="0" timestamp="2020-10-15T17:13:24 IST" skipped="3">
  <testcase classname="TestCases.Login_Logout" name="CreateAnAppWithNumbersControl" time="265.514"/>
  <system-out/>
  <testcase classname="TestCases.Login_Logout" name="Login">
    <skipped/>
  </testcase> <!-- Login -->
  <system-out/>
  <testcase classname="TestCases.Login_Logout" name="Login_Logout">
    <skipped/>
  </testcase> <!-- Login_Logout -->
  <system-out/>
  <testcase classname="TestCases.Login_Logout" name="CreateAnAppWithTextControls">
    <skipped/>
  </testcase> <!-- CreateAnAppWithTextControls -->
  <system-out/>
</testsuite> <!-- TestCases.Login_Logout -->
